<?xml version="1.0" encoding="UTF-8"?>
<!-- Generated by org.testng.reporters.JUnitReportReporter -->
<testsuite hostname="DESKTOP-5080US9" failures="0" tests="1" name="ContactModule.CreateContactTest" time="31.317" errors="0" timestamp="2025-07-21T17:05:01 IST" skipped="0">
  <testcase classname="ContactModule.CreateContactTest" name="createcontTest" time="31.317"/>
</testsuite> <!-- ContactModule.CreateContactTest -->
