<?xml version="1.0" encoding="UTF-8"?>
<!-- Generated by org.testng.reporters.JUnitReportReporter -->
<testsuite hostname="DESKTOP-5080US9" failures="0" tests="1" name="OrganizationModule.CreateOrgTest" time="32.781" errors="0" timestamp="2025-07-21T17:05:01 IST" skipped="0">
  <testcase classname="OrganizationModule.CreateOrgTest" name="createNewOrgTest" time="32.781"/>
</testsuite> <!-- OrganizationModule.CreateOrgTest -->
