<?xml version="1.0" encoding="UTF-8"?>
<!-- Generated by org.testng.reporters.JUnitReportReporter -->
<testsuite hostname="DESKTOP-5080US9" failures="0" tests="1" name="OrganizationModule.CreateOrgWithIndustryAndType" time="39.529" errors="0" timestamp="2025-07-10T16:32:06 IST" skipped="0">
  <testcase classname="OrganizationModule.CreateOrgWithIndustryAndType" name="createOrg_IndAndType" time="39.529"/>
</testsuite> <!-- OrganizationModule.CreateOrgWithIndustryAndType -->
