<?xml version="1.0" encoding="UTF-8"?>
<!-- Generated by org.testng.reporters.JUnitReportReporter -->
<testsuite hostname="DESKTOP-5080US9" failures="0" tests="1" name="OrganizationModule.CreateOrgWithPhnoTest" time="31.373" errors="0" timestamp="2025-07-21T17:05:01 IST" skipped="0">
  <testcase classname="OrganizationModule.CreateOrgWithPhnoTest" name="createOrg_Phno_Test" time="31.373"/>
</testsuite> <!-- OrganizationModule.CreateOrgWithPhnoTest -->
