<?xml version="1.0" encoding="UTF-8"?>
<!-- Generated by org.testng.reporters.JUnitReportReporter -->
<testsuite hostname="DESKTOP-5080US9" failures="0" tests="3" name="OrganizationModule.OrgScenariosTest" time="99.710" errors="0" timestamp="2025-07-30T18:35:11 IST" skipped="0">
  <testcase classname="OrganizationModule.OrgScenariosTest" name="createOrg_IndAndType" time="29.994">
    <system-out>
      <![CDATA[createOrg_IndAndTypeTest Execution started
createOrg_IndAndTypeTest Execution Success]]>
    </system-out>
  </testcase> <!-- createOrg_IndAndType -->
  <testcase classname="OrganizationModule.OrgScenariosTest" name="createNewOrgTest" time="34.663">
    <system-out>
      <![CDATA[createNewOrgTestTest Execution started
createNewOrgTestTest Execution Success]]>
    </system-out>
  </testcase> <!-- createNewOrgTest -->
  <testcase classname="OrganizationModule.OrgScenariosTest" name="createOrg_Phno_Test" time="35.053">
    <system-out>
      <![CDATA[createOrg_Phno_TestTest Execution started
createOrg_Phno_TestTest Execution Success]]>
    </system-out>
  </testcase> <!-- createOrg_Phno_Test -->
  <system-out>
    <![CDATA[Suite Execution started-Configure the Reports
Connected with the Database
Configure parallel Execution
Launched the Browser
Logged in to the application
createCont_suppDateTest Execution started
createCont_suppDateTest Execution Success
Logged out of the application
Logged in to the application
createContwithOrgTest Execution started
createContwithOrgTest Execution Success
Logged out of the application
Logged in to the application
createcontTestTest Execution started
createcontTestTest Execution Success
Logged out of the application
closed the browser
Launched the Browser
Logged in to the application
createNewOrgTestTest Execution started
createNewOrgTestTest Execution Success
Logged out of the application
Logged in to the application
createOrg_IndAndTypeTest Execution started
createOrg_IndAndTypeTest Execution Success
Logged out of the application
Logged in to the application
createOrg_Phno_TestTest Execution started
createOrg_Phno_TestTest Execution Success
Logged out of the application
closed the browser
close Configuration of parallel Execution
closed Connection with the Database]]>
  </system-out>
</testsuite> <!-- OrganizationModule.OrgScenariosTest -->
