<?xml version="1.0" encoding="UTF-8"?>
<!-- Generated by org.testng.reporters.JUnitReportReporter -->
<testsuite hostname="DESKTOP-5080US9" failures="0" tests="1" name="ContactModule.CreateContactWithSupportDateTest" time="175.388" errors="0" timestamp="2025-07-21T17:05:01 IST" skipped="0">
  <testcase classname="ContactModule.CreateContactWithSupportDateTest" name="createCont_suppDate" time="175.388"/>
</testsuite> <!-- ContactModule.CreateContactWithSupportDateTest -->
